生成启动时间为 2018/2/22 22:53:16。
     1>项目“H:\Self Code\C++\C-21-\Day18\Day18\Day18.vcxproj”在节点 2 上(Build 个目标)。
     1>CustomBuild:
         Moc'ing day18.h...
         Uic'ing day18.ui...
         Rcc'ing day18.qrc...
     1>RCC : warning : No resources in 'H:\Self Code\C++\C-21-\Day18\Day18\day18.qrc'.
         
     1>C:\Program Files (x86)\MSBuild\Microsoft.Cpp\v4.0\V120\Microsoft.CppBuild.targets(935,5): warning MSB8027: Two or more files with the name of moc_day18.cpp will produce outputs to the same location. This can lead to an incorrect build result.  The files involved are GeneratedFiles\Debug\moc_day18.cpp, GeneratedFiles\Release\moc_day18.cpp.
       ClCompile:
         C:\Program Files (x86)\Microsoft Visual Studio 12.0\VC\bin\CL.exe /c /I.\GeneratedFiles /I. /IF:\Qt\Qt5.5.1\5.5\msvc2013\include /I.\GeneratedFiles\Debug /IF:\Qt\Qt5.5.1\5.5\msvc2013\include\QtCore /IF:\Qt\Qt5.5.1\5.5\msvc2013\include\QtGui /IF:\Qt\Qt5.5.1\5.5\msvc2013\include\QtWidgets /Zi /nologo /W1 /WX- /Od /Oy- /D UNICODE /D WIN32 /D WIN64 /D QT_DLL /D QT_CORE_LIB /D QT_GUI_LIB /D QT_WIDGETS_LIB /Gm- /EHsc /MDd /GS /fp:precise /Zc:wchar_t /Zc:forScope /Fo"Debug\\" /Fd"Debug\vc120.pdb" /Gd /TP /analyze- /errorReport:prompt day18.cpp GeneratedFiles\Debug\moc_day18.cpp main.cpp
         day18.cpp
         moc_day18.cpp
         main.cpp
         正在生成代码...
         C:\Program Files (x86)\Microsoft Visual Studio 12.0\VC\bin\CL.exe /c /I.\GeneratedFiles /I. /IF:\Qt\Qt5.5.1\5.5\msvc2013\include /I.\GeneratedFiles\Debug /IF:\Qt\Qt5.5.1\5.5\msvc2013\include\QtCore /IF:\Qt\Qt5.5.1\5.5\msvc2013\include\QtGui /IF:\Qt\Qt5.5.1\5.5\msvc2013\include\QtWidgets /Zi /nologo /W1 /WX- /Od /Oy- /D UNICODE /D WIN32 /D WIN64 /D QT_DLL /D QT_CORE_LIB /D QT_GUI_LIB /D QT_WIDGETS_LIB /Gm- /EHsc /MDd /GS /fp:precise /Zc:wchar_t /Zc:forScope /Fo"Debug\\" /Fd"Debug\vc120.pdb" /Gd /TP /analyze- /errorReport:prompt GeneratedFiles\qrc_day18.cpp
         qrc_day18.cpp
       Link:
         C:\Program Files (x86)\Microsoft Visual Studio 12.0\VC\bin\link.exe /ERRORREPORT:PROMPT /OUT:"H:\Self Code\C++\C-21-\Day18\Win32\Debug\\Day18.exe" /NOLOGO /LIBPATH:F:\Qt\Qt5.5.1\5.5\msvc2013\lib qtmaind.lib Qt5Cored.lib Qt5Guid.lib Qt5Widgetsd.lib kernel32.lib user32.lib gdi32.lib winspool.lib comdlg32.lib advapi32.lib shell32.lib ole32.lib oleaut32.lib uuid.lib odbc32.lib odbccp32.lib /MANIFEST /MANIFESTUAC:"level='asInvoker' uiAccess='false'" /manifest:embed /DEBUG /PDB:"H:\Self Code\C++\C-21-\Day18\Win32\Debug\Day18.pdb" /SUBSYSTEM:WINDOWS /TLBID:1 /DYNAMICBASE /NXCOMPAT /IMPLIB:"H:\Self Code\C++\C-21-\Day18\Win32\Debug\Day18.lib" /MACHINE:X86 /SAFESEH Debug\day18.obj
         Debug\moc_day18.obj
         Debug\qrc_day18.obj
         Debug\main.obj
         Day18.vcxproj -> H:\Self Code\C++\C-21-\Day18\Win32\Debug\Day18.exe
     1>已完成生成项目“H:\Self Code\C++\C-21-\Day18\Day18\Day18.vcxproj”(Build 个目标)的操作。

生成成功。

已用时间 00:00:08.38
